_REQINFO_:    "Model File Information: "
_REQINFO_:    "Last saved on: 11-09-2022 23:32:41."
_REQINFO_:    "Last saved by "MMcguire" using "RiverWare 8.5.4"."
_REQINFO_:    "------ MRM RUN STARTED ------"
_REQINFO_:    ""RwModel.mdl at 23:32:48 November 9, 2022""
_REQINFO_:    "----------------------------------"
_REQINFO_:    "------ Rulebased Simulation RUN STARTED (MRM run 1) ------"
_REQINFO_:    ""RwModel.mdl at 23:32:48 November 9, 2022""
_REQINFO_:    "----------------------------------"
_REQINFO_:    "1 mass balance summary slots computed."
_REQINFO_:    "------ Rulebased Simulation RUN FINISHED (MRM run 1) ------"
_REQINFO_:    ""RwModel.mdl at 23:34:26 November 9, 2022 (98 seconds)""
_REQINFO_:    "----------------------------------"
_REQINFO_:    "------ Rulebased Simulation RUN STARTED (MRM run 2) ------"
_REQINFO_:    ""RwModel.mdl at 23:34:26 November 9, 2022""
_REQINFO_:    "----------------------------------"
_REQINFO_:    "1 mass balance summary slots computed."
_REQINFO_:    "------ Rulebased Simulation RUN FINISHED (MRM run 2) ------"
_REQINFO_:    ""RwModel.mdl at 23:35:57 November 9, 2022 (91 seconds)""
_REQINFO_:    "----------------------------------"
_ERROR_:     RULE: (MRM 22) Check Ag Offset Convergence; "Iteration is complete. The computed Ag Offset difference is less than the convergence criteria."
_REQINFO_:    "------ MRM RUN FINISHED ------"
_REQINFO_:    ""RwModel.mdl at 23:35:57 November 9, 2022 (189 seconds)""
_REQINFO_:    "----------------------------------"
